# JRE version: OpenJDK Runtime Environment Temurin-17.0.8.1+1 (17.0.8.1+1) (build 17.0.8.1+1)
# Java VM: OpenJDK 64-Bit Server VM Temurin-17.0.8.1+1 (17.0.8.1+1, mixed mode, emulated-client, tiered, compressed oops, compressed class ptrs, g1 gc, windows-amd64)
GC Precious Log:
 CPUs: 4 total, 4 available
 Memory: 3881M
 Large Page Support: Disabled
 NUMA Support: Disabled
 Compressed Oops: Enabled (32-bit)
 Heap Region Size: 1M
 Heap Min Capacity: 8M
 Heap Initial Capacity: 62M
 Heap Max Capacity: 972M
 Pre-touch: Disabled
 Parallel Workers: 4
 Concurrent Workers: 1
 Concurrent Refinement Workers: 4
 Periodic GC: Disabled
Heap:
 garbage-first heap   total 70656K, used 30632K [0x00000000c3400000, 0x0000000100000000)
  region size 1024K, 2 young (2048K), 2 survivors (2048K)
 Metaspace       used 75926K, committed 76416K, reserved 1179648K
  class space    used 10467K, committed 10752K, reserved 1048576K
GC Heap History (20 events):
Event: 268.484 GC heap after
{Heap after GC invocations=36 (full 1):
 garbage-first heap   total 58368K, used 25882K [0x00000000c3400000, 0x0000000100000000)
  region size 1024K, 0 young (0K), 0 survivors (0K)
 Metaspace       used 75586K, committed 76160K, reserved 1179648K
  class space    used 10468K, committed 10752K, reserved 1048576K
}
Event: 269.858 GC heap before
{Heap before GC invocations=36 (full 1):
 garbage-first heap   total 58368K, used 44314K [0x00000000c3400000, 0x0000000100000000)
  region size 1024K, 19 young (19456K), 0 survivors (0K)
 Metaspace       used 75611K, committed 76160K, reserved 1179648K
  class space    used 10475K, committed 10752K, reserved 1048576K
}
Event: 269.869 GC heap after
{Heap after GC invocations=37 (full 1):
 garbage-first heap   total 58368K, used 27709K [0x00000000c3400000, 0x0000000100000000)
  region size 1024K, 2 young (2048K), 2 survivors (2048K)
 Metaspace       used 75611K, committed 76160K, reserved 1179648K
  class space    used 10475K, committed 10752K, reserved 1048576K
}
Event: 270.756 GC heap before
{Heap before GC invocations=38 (full 1):
 garbage-first heap   total 58368K, used 44093K [0x00000000c3400000, 0x0000000100000000)
  region size 1024K, 19 young (19456K), 2 survivors (2048K)
 Metaspace       used 75319K, committed 76224K, reserved 1179648K
  class space    used 10407K, committed 10752K, reserved 1048576K
}
Event: 270.763 GC heap after
{Heap after GC invocations=39 (full 1):
 garbage-first heap   total 70656K, used 29235K [0x00000000c3400000, 0x0000000100000000)
  region size 1024K, 2 young (2048K), 2 survivors (2048K)
 Metaspace       used 75319K, committed 76224K, reserved 1179648K
  class space    used 10407K, committed 10752K, reserved 1048576K
}
Event: 270.780 GC heap before
{Heap before GC invocations=39 (full 1):
 garbage-first heap   total 70656K, used 30259K [0x00000000c3400000, 0x0000000100000000)
  region size 1024K, 3 young (3072K), 2 survivors (2048K)
 Metaspace       used 75339K, committed 76224K, reserved 1179648K
  class space    used 10410K, committed 10752K, reserved 1048576K
}
Event: 270.784 GC heap after
{Heap after GC invocations=40 (full 1):
 garbage-first heap   total 70656K, used 29375K [0x00000000c3400000, 0x0000000100000000)
  region size 1024K, 1 young (1024K), 1 survivors (1024K)
 Metaspace       used 75339K, committed 76224K, reserved 1179648K
  class space    used 10410K, committed 10752K, reserved 1048576K
}
Event: 271.659 GC heap before
{Heap before GC invocations=40 (full 1):
 garbage-first heap   total 70656K, used 54975K [0x00000000c3400000, 0x0000000100000000)
  region size 1024K, 26 young (26624K), 1 survivors (1024K)
 Metaspace       used 75528K, committed 76224K, reserved 1179648K
  class space    used 10426K, committed 10752K, reserved 1048576K
}
Event: 271.664 GC heap after
{Heap after GC invocations=41 (full 1):
 garbage-first heap   total 70656K, used 31449K [0x00000000c3400000, 0x0000000100000000)
  region size 1024K, 3 young (3072K), 3 survivors (3072K)
 Metaspace       used 75528K, committed 76224K, reserved 1179648K
  class space    used 10426K, committed 10752K, reserved 1048576K
}
Event: 273.791 GC heap before
{Heap before GC invocations=41 (full 1):
 garbage-first heap   total 70656K, used 56025K [0x00000000c3400000, 0x0000000100000000)
  region size 1024K, 27 young (27648K), 3 survivors (3072K)
 Metaspace       used 75596K, committed 76224K, reserved 1179648K
  class space    used 10432K, committed 10752K, reserved 1048576K
}
Event: 273.812 GC heap after
{Heap after GC invocations=42 (full 1):
 garbage-first heap   total 70656K, used 33593K [0x00000000c3400000, 0x0000000100000000)
  region size 1024K, 3 young (3072K), 3 survivors (3072K)
 Metaspace       used 75596K, committed 76224K, reserved 1179648K
  class space    used 10432K, committed 10752K, reserved 1048576K
}
Event: 273.971 GC heap before
{Heap before GC invocations=42 (full 1):
 garbage-first heap   total 70656K, used 34617K [0x00000000c3400000, 0x0000000100000000)
  region size 1024K, 5 young (5120K), 3 survivors (3072K)
 Metaspace       used 75600K, committed 76224K, reserved 1179648K
  class space    used 10433K, committed 10752K, reserved 1048576K
}
Event: 274.069 GC heap after
{Heap after GC invocations=43 (full 2):
 garbage-first heap   total 70656K, used 24974K [0x00000000c3400000, 0x0000000100000000)
  region size 1024K, 0 young (0K), 0 survivors (0K)
 Metaspace       used 75597K, committed 76224K, reserved 1179648K
  class space    used 10433K, committed 10752K, reserved 1048576K
}
Event: 274.947 GC heap before
{Heap before GC invocations=43 (full 2):
 garbage-first heap   total 70656K, used 53646K [0x00000000c3400000, 0x0000000100000000)
  region size 1024K, 29 young (29696K), 0 survivors (0K)
 Metaspace       used 75664K, committed 76224K, reserved 1179648K
  class space    used 10444K, committed 10752K, reserved 1048576K
}
Event: 274.952 GC heap after
{Heap after GC invocations=44 (full 2):
 garbage-first heap   total 70656K, used 27906K [0x00000000c3400000, 0x0000000100000000)
  region size 1024K, 3 young (3072K), 3 survivors (3072K)
 Metaspace       used 75664K, committed 76224K, reserved 1179648K
  class space    used 10444K, committed 10752K, reserved 1048576K
}
Event: 275.539 GC heap before
{Heap before GC invocations=44 (full 2):
 garbage-first heap   total 70656K, used 53506K [0x00000000c3400000, 0x0000000100000000)
  region size 1024K, 29 young (29696K), 3 survivors (3072K)
 Metaspace       used 75822K, committed 76352K, reserved 1179648K
  class space    used 10457K, committed 10752K, reserved 1048576K
}
Event: 275.547 GC heap after
{Heap after GC invocations=45 (full 2):
 garbage-first heap   total 70656K, used 29290K [0x00000000c3400000, 0x0000000100000000)
  region size 1024K, 2 young (2048K), 2 survivors (2048K)
 Metaspace       used 75822K, committed 76352K, reserved 1179648K
  class space    used 10457K, committed 10752K, reserved 1048576K
}
Event: 276.001 GC heap before
{Heap before GC invocations=45 (full 2):
 garbage-first heap   total 70656K, used 54890K [0x00000000c3400000, 0x0000000100000000)
  region size 1024K, 27 young (27648K), 2 survivors (2048K)
 Metaspace       used 75918K, committed 76416K, reserved 1179648K
  class space    used 10465K, committed 10752K, reserved 1048576K
}
Event: 276.006 GC heap after
{Heap after GC invocations=46 (full 2):
 garbage-first heap   total 70656K, used 30736K [0x00000000c3400000, 0x0000000100000000)
  region size 1024K, 4 young (4096K), 4 survivors (4096K)
 Metaspace       used 75918K, committed 76416K, reserved 1179648K
  class space    used 10465K, committed 10752K, reserved 1048576K
}
Event: 1014.782 GC heap before
{Heap before GC invocations=46 (full 2):
 garbage-first heap   total 70656K, used 54288K [0x00000000c3400000, 0x0000000100000000)
  region size 1024K, 27 young (27648K), 4 survivors (4096K)
 Metaspace       used 75926K, committed 76416K, reserved 1179648K
  class space    used 10467K, committed 10752K, reserved 1048576K
}

